Arguments: 
  /Users/lisiur/.nvm/versions/node/v9.11.1/bin/node /Users/lisiur/.yarn/bin/yarn.js add @types/deno -D

PATH: 
  /Users/lisiur/.rvm/gems/ruby-2.4.0/bin:/Users/lisiur/.rvm/gems/ruby-2.4.0@global/bin:/Users/lisiur/.rvm/rubies/ruby-2.4.0/bin:/Users/lisiur/apache-maven-3.5.4/bin:/Users/lisiur/.deno/bin:/Users/lisiur/.cargo/bin:/Users/lisiur/go/bin:/usr/local/mysql/support-files:/usr/local/mysql/bin:/Users/lisiur/Applications/flutter/bin:/Users/lisiur/.yarn/bin:/Users/lisiur/.config/yarn/global/node_modules/.bin:/Users/lisiur/.local/bin:/Users/lisiur/.bin:/Users/lisiur/Library/Python/3.6/bin:/Users/lisiur/.nvm/versions/node/v9.11.1/bin:/Users/lisiur/.cargo/bin:/Library/Frameworks/Python.framework/Versions/3.5/bin:/usr/local/bin:/usr/bin:/bin:/usr/sbin:/sbin:/Library/TeX/texbin:/usr/local/go/bin:/Users/lisiur/.rvm/gems/ruby-2.4.0/bin:/Users/lisiur/.rvm/gems/ruby-2.4.0@global/bin:/Users/lisiur/.rvm/rubies/ruby-2.4.0/bin:/Users/lisiur/apache-maven-3.5.4/bin:/Users/lisiur/.cargo/bin:/Users/lisiur/go/bin:/usr/local/mysql/support-files:/usr/local/mysql/bin:/Users/lisiur/Applications/flutter/bin:/Users/lisiur/.yarn/bin:/Users/lisiur/.config/yarn/global/node_modules/.bin:/Users/lisiur/.local/bin:/Users/lisiur/.bin:/Users/lisiur/Library/Python/3.6/bin:/Library/Frameworks/Python.framework/Versions/3.5/bin:/Users/lisiur/.rvm/bin

Yarn version: 
  1.9.4

Node version: 
  9.11.1

Platform: 
  darwin x64

Trace: 
  Error: https://registry.npmjs.org/@types%2fdeno: Not found
      at Request.params.callback [as _callback] (/Users/lisiur/.yarn/lib/cli.js:64202:18)
      at Request.self.callback (/Users/lisiur/.yarn/lib/cli.js:137468:22)
      at Request.emit (events.js:180:13)
      at Request.<anonymous> (/Users/lisiur/.yarn/lib/cli.js:138440:10)
      at Request.emit (events.js:180:13)
      at IncomingMessage.<anonymous> (/Users/lisiur/.yarn/lib/cli.js:138362:12)
      at Object.onceWrapper (events.js:272:13)
      at IncomingMessage.emit (events.js:185:15)
      at endReadableNT (_stream_readable.js:1106:12)
      at process._tickCallback (internal/process/next_tick.js:178:19)

npm manifest: 
  {
    "devDependencies": {
      "deno": "^0.0.0"
    }
  }

yarn manifest: 
  No manifest

Lockfile: 
  # THIS IS AN AUTOGENERATED FILE. DO NOT EDIT THIS FILE DIRECTLY.
  # yarn lockfile v1
  
  
  deno@^0.0.0:
    version "0.0.0"
    resolved "https://registry.npmjs.org/deno/-/deno-0.0.0.tgz#ee087e6c02920de4e1caac7664c1a9da5af64efa"
