Arguments: 
  /Users/lisiur/.nvm/versions/node/v6.9.1/bin/node /usr/local/Cellar/yarn/1.1.0/libexec/bin/yarn.js init

PATH: 
  /Users/lisiur/.rvm/gems/ruby-2.4.1/bin:/Users/lisiur/.rvm/gems/ruby-2.4.1@global/bin:/Users/lisiur/.rvm/rubies/ruby-2.4.1/bin:/Users/lisiur/.pyenv/shims:/Users/lisiur/.local/bin:/Users/lisiur/.bin:/Users/lisiur/.pyenv/bin:/Users/lisiur/.nvm/versions/node/v6.9.1/bin:/Library/Frameworks/Python.framework/Versions/3.5/bin:/usr/local/bin:/usr/bin:/bin:/usr/sbin:/sbin:/Library/TeX/texbin:/usr/local/go/bin:/Users/lisiur/.rvm/gems/ruby-2.4.1/bin:/Users/lisiur/.rvm/gems/ruby-2.4.1@global/bin:/Users/lisiur/.rvm/rubies/ruby-2.4.1/bin:/Users/lisiur/.pyenv/shims:/Users/lisiur/.local/bin:/Users/lisiur/.bin:/Users/lisiur/.pyenv/bin:/Library/Frameworks/Python.framework/Versions/3.5/bin:/Users/lisiur/.rvm/bin

Yarn version: 
  1.1.0

Node version: 
  6.9.1

Platform: 
  darwin x64

npm manifest: 
  No manifest

yarn manifest: 
  No manifest

Lockfile: 
  No lockfile

Trace: 
  Error: canceled
      at Interface.<anonymous> (/usr/local/Cellar/yarn/1.1.0/libexec/lib/cli.js:119877:13)
      at emitNone (events.js:86:13)
      at Interface.emit (events.js:185:7)
      at Interface._ttyWrite (readline.js:726:16)
      at ReadStream.onkeypress (readline.js:126:10)
      at emitTwo (events.js:106:13)
      at ReadStream.emit (events.js:191:7)
      at emitKeys (internal/readline.js:389:14)
      at next (native)
      at ReadStream.onData (readline.js:972:36)
