Arguments: 
  /Users/lisiur/.nvm/versions/node/v8.2.1/bin/node /Users/lisiur/.nvm/versions/node/v8.2.1/bin/yarn init

PATH: 
  /Users/lisiur/.rvm/gems/ruby-2.4.1/bin:/Users/lisiur/.rvm/gems/ruby-2.4.1@global/bin:/Users/lisiur/.rvm/rubies/ruby-2.4.1/bin:/Users/lisiur/.pyenv/shims:/Users/lisiur/.local/bin:/Users/lisiur/.bin:/Users/lisiur/.pyenv/bin:/Users/lisiur/.nvm/versions/node/v8.2.1/bin:/Library/Frameworks/Python.framework/Versions/3.5/bin:/usr/local/bin:/usr/bin:/bin:/usr/sbin:/sbin:/Library/TeX/texbin:/usr/local/go/bin:/Users/lisiur/.rvm/gems/ruby-2.4.1/bin:/Users/lisiur/.rvm/gems/ruby-2.4.1@global/bin:/Users/lisiur/.rvm/rubies/ruby-2.4.1/bin:/Users/lisiur/.pyenv/shims:/Users/lisiur/.local/bin:/Users/lisiur/.bin:/Users/lisiur/.pyenv/bin:/Library/Frameworks/Python.framework/Versions/3.5/bin:/Users/lisiur/.rvm/bin

Yarn version: 
  1.2.1

Node version: 
  8.2.1

Platform: 
  darwin x64

npm manifest: 
  No manifest

yarn manifest: 
  No manifest

Lockfile: 
  No lockfile

Trace: 
  Error: canceled
      at Interface.<anonymous> (/Users/lisiur/.nvm/versions/node/v8.2.1/lib/node_modules/yarn/lib/cli.js:120971:13)
      at emitNone (events.js:105:13)
      at Interface.emit (events.js:207:7)
      at Interface._ttyWrite (readline.js:769:16)
      at ReadStream.onkeypress (readline.js:157:10)
      at emitTwo (events.js:125:13)
      at ReadStream.emit (events.js:213:7)
      at emitKeys (internal/readline.js:420:14)
      at emitKeys.next (<anonymous>)
      at ReadStream.onData (readline.js:1006:36)
